<?xml version="1.0" encoding="UTF-8"?>
<testng-results ignored="0" total="1" passed="1" failed="0" skipped="0">
  <reporter-output>
  </reporter-output>
  <suite started-at="2024-04-13T19:08:52 IST" name="Default suite" finished-at="2024-04-13T19:09:49 IST" duration-ms="56775">
    <groups>
    </groups>
    <test started-at="2024-04-13T19:08:52 IST" name="Default test" finished-at="2024-04-13T19:09:49 IST" duration-ms="56775">
      <class name="com.eb.testcases.LoginTest">
        <test-method is-config="true" signature="setUp()[pri:0, instance:com.eb.testcases.LoginTest@4116aac9]" started-at="2024-04-13T19:08:52 IST" name="setUp" finished-at="2024-04-13T19:09:44 IST" duration-ms="52634" status="PASS">
          <reporter-output>
          </reporter-output>
        </test-method> <!-- setUp -->
        <test-method signature="verifyLogin()[pri:0, instance:com.eb.testcases.LoginTest@4116aac9]" started-at="2024-04-13T19:09:44 IST" name="verifyLogin" finished-at="2024-04-13T19:09:48 IST" duration-ms="3853" status="PASS">
          <reporter-output>
          </reporter-output>
        </test-method> <!-- verifyLogin -->
        <test-method is-config="true" signature="teardown()[pri:0, instance:com.eb.testcases.LoginTest@4116aac9]" started-at="2024-04-13T19:09:48 IST" name="teardown" finished-at="2024-04-13T19:09:49 IST" duration-ms="243" status="PASS">
          <reporter-output>
          </reporter-output>
        </test-method> <!-- teardown -->
      </class> <!-- com.eb.testcases.LoginTest -->
    </test> <!-- Default test -->
  </suite> <!-- Default suite -->
</testng-results>
